Command: vcs -full64 -lca -sverilog -l logs/compile.log -debug_access+all -ntb_opts \
uvm-1.2 -cm line+cond+fsm+branch+tgl +incdir+../rtl +incdir+../../cm3_matrix/rtl \
+incdir+../../cmsdk_ahb_to_sram/rtl +incdir+../../cmsdk_fpga_sram/verilog +incdir+../../CORTEXM3INTEGRATION/rtl \
+incdir+../sim +incdir+../tb +incdir+../../../AHB/mas_agent +incdir+../../../AHB/slv_agent \
+incdir+../../../AHB/uvc +incdir+../../../AHB/env +incdir+../../../AHB/includes +incdir+../../../AHB/src \
+incdir+../../../AHB/test +incdir+../../../AHB/seq +incdir+../../../AHB/tb +incdir+../../../AHB/HDL_interconnect \
+incdir+../../../UART/UART_UVC/UART_TX_AGENT +incdir+../../../UART/UART_UVC/UART_RX_AGENT \
+incdir+../../../UART/UART_UVC/TEST +incdir+../../../UART/UART_UVC/INCLUDE +incdir+../../../UART/UART_UVC/SRC \
+incdir+../../../UART/UART_UVC/TB +incdir+../../../UART/UART_UVC/ENV +incdir+../../../UART/TEST \
+incdir+../../AHB_APB-RTL +incdir+../../I2C +incdir+../../UART +incdir+../../MEMORY \
+define+THR_SIZE=8 +define+PWDATA_WIDTH=8 +define+UVM_OBJECTION_TRACE ../../../UART/UART_UVC/ENV/apb_defines.sv \
../../../UART/UART_UVC/ENV/uvc_pkg.sv ../../../AHB/tb/ahb_pkg.sv ../tb/cortexm3_soc_tb.sv \

                         Chronologic VCS (TM)
         Version Q-2020.03_Full64 -- Fri May  8 13:26:46 2026
               Copyright (c) 1991-2020 by Synopsys Inc.
                         ALL RIGHTS RESERVED

This program is proprietary and confidential information of Synopsys Inc.
and may be used and disclosed only as authorized in a license agreement
controlling such use and disclosure.


Warning-[LCA_FEATURES_ENABLED] Usage warning
  LCA features enabled by '-lca' argument on the command line.  For more 
  information regarding list of LCA features please refer to Chapter "LCA 
  features" in the VCS Release Notes

Parsing design file '/global/apps/vcs_2020.03/vcs/Q-2020.03/etc/uvm-1.2/uvm_pkg.sv'
Parsing included file '/global/apps/vcs_2020.03/vcs/Q-2020.03/etc/uvm-1.2/uvm_macros.svh'.
Parsing included file '/global/apps/vcs_2020.03/vcs/Q-2020.03/etc/uvm-1.2/macros/uvm_version_defines.svh'.
Back to file '/global/apps/vcs_2020.03/vcs/Q-2020.03/etc/uvm-1.2/uvm_macros.svh'.
Parsing included file '/global/apps/vcs_2020.03/vcs/Q-2020.03/etc/uvm-1.2/macros/uvm_global_defines.svh'.
Back to file '/global/apps/vcs_2020.03/vcs/Q-2020.03/etc/uvm-1.2/uvm_macros.svh'.
Parsing included file '/global/apps/vcs_2020.03/vcs/Q-2020.03/etc/uvm-1.2/macros/uvm_message_defines.svh'.
Back to file '/global/apps/vcs_2020.03/vcs/Q-2020.03/etc/uvm-1.2/uvm_macros.svh'.
Parsing included file '/global/apps/vcs_2020.03/vcs/Q-2020.03/etc/uvm-1.2/macros/uvm_phase_defines.svh'.
Back to file '/global/apps/vcs_2020.03/vcs/Q-2020.03/etc/uvm-1.2/uvm_macros.svh'.
Parsing included file '/global/apps/vcs_2020.03/vcs/Q-2020.03/etc/uvm-1.2/macros/uvm_object_defines.svh'.
Back to file '/global/apps/vcs_2020.03/vcs/Q-2020.03/etc/uvm-1.2/uvm_macros.svh'.
Parsing included file '/global/apps/vcs_2020.03/vcs/Q-2020.03/etc/uvm-1.2/macros/uvm_printer_defines.svh'.
Back to file '/global/apps/vcs_2020.03/vcs/Q-2020.03/etc/uvm-1.2/uvm_macros.svh'.
Parsing included file '/global/apps/vcs_2020.03/vcs/Q-2020.03/etc/uvm-1.2/macros/uvm_tlm_defines.svh'.
Parsing included file '/global/apps/vcs_2020.03/vcs/Q-2020.03/etc/uvm-1.2/tlm1/uvm_tlm_imps.svh'.
Back to file '/global/apps/vcs_2020.03/vcs/Q-2020.03/etc/uvm-1.2/macros/uvm_tlm_defines.svh'.
Back to file '/global/apps/vcs_2020.03/vcs/Q-2020.03/etc/uvm-1.2/uvm_macros.svh'.
Parsing included file '/global/apps/vcs_2020.03/vcs/Q-2020.03/etc/uvm-1.2/macros/uvm_sequence_defines.svh'.
Back to file '/global/apps/vcs_2020.03/vcs/Q-2020.03/etc/uvm-1.2/uvm_macros.svh'.
Parsing included file '/global/apps/vcs_2020.03/vcs/Q-2020.03/etc/uvm-1.2/macros/uvm_callback_defines.svh'.
Back to file '/global/apps/vcs_2020.03/vcs/Q-2020.03/etc/uvm-1.2/uvm_macros.svh'.
Parsing included file '/global/apps/vcs_2020.03/vcs/Q-2020.03/etc/uvm-1.2/macros/uvm_reg_defines.svh'.
Back to file '/global/apps/vcs_2020.03/vcs/Q-2020.03/etc/uvm-1.2/uvm_macros.svh'.
Parsing included file '/global/apps/vcs_2020.03/vcs/Q-2020.03/etc/uvm-1.2/macros/uvm_deprecated_defines.svh'.
Back to file '/global/apps/vcs_2020.03/vcs/Q-2020.03/etc/uvm-1.2/uvm_macros.svh'.
Back to file '/global/apps/vcs_2020.03/vcs/Q-2020.03/etc/uvm-1.2/uvm_pkg.sv'.
Parsing included file '/global/apps/vcs_2020.03/vcs/Q-2020.03/etc/uvm-1.2/dpi/uvm_dpi.svh'.
Parsing included file '/global/apps/vcs_2020.03/vcs/Q-2020.03/etc/uvm-1.2/dpi/uvm_hdl.svh'.
Back to file '/global/apps/vcs_2020.03/vcs/Q-2020.03/etc/uvm-1.2/dpi/uvm_dpi.svh'.
Parsing included file '/global/apps/vcs_2020.03/vcs/Q-2020.03/etc/uvm-1.2/dpi/uvm_svcmd_dpi.svh'.
Back to file '/global/apps/vcs_2020.03/vcs/Q-2020.03/etc/uvm-1.2/dpi/uvm_dpi.svh'.
Parsing included file '/global/apps/vcs_2020.03/vcs/Q-2020.03/etc/uvm-1.2/dpi/uvm_regex.svh'.
Back to file '/global/apps/vcs_2020.03/vcs/Q-2020.03/etc/uvm-1.2/dpi/uvm_dpi.svh'.
Back to file '/global/apps/vcs_2020.03/vcs/Q-2020.03/etc/uvm-1.2/uvm_pkg.sv'.
Parsing included file '/global/apps/vcs_2020.03/vcs/Q-2020.03/etc/uvm-1.2/base/uvm_base.svh'.
Parsing included file '/global/apps/vcs_2020.03/vcs/Q-2020.03/etc/uvm-1.2/base/uvm_coreservice.svh'.
Back to file '/global/apps/vcs_2020.03/vcs/Q-2020.03/etc/uvm-1.2/base/uvm_base.svh'.
Parsing included file '/global/apps/vcs_2020.03/vcs/Q-2020.03/etc/uvm-1.2/base/uvm_version.svh'.
Back to file '/global/apps/vcs_2020.03/vcs/Q-2020.03/etc/uvm-1.2/base/uvm_base.svh'.
Parsing included file '/global/apps/vcs_2020.03/vcs/Q-2020.03/etc/uvm-1.2/base/uvm_object_globals.svh'.
Back to file '/global/apps/vcs_2020.03/vcs/Q-2020.03/etc/uvm-1.2/base/uvm_base.svh'.
Parsing included file '/global/apps/vcs_2020.03/vcs/Q-2020.03/etc/uvm-1.2/base/uvm_misc.svh'.
Back to file '/global/apps/vcs_2020.03/vcs/Q-2020.03/etc/uvm-1.2/base/uvm_base.svh'.
Parsing included file '/global/apps/vcs_2020.03/vcs/Q-2020.03/etc/uvm-1.2/base/uvm_object.svh'.
Back to file '/global/apps/vcs_2020.03/vcs/Q-2020.03/etc/uvm-1.2/base/uvm_base.svh'.
Parsing included file '/global/apps/vcs_2020.03/vcs/Q-2020.03/etc/uvm-1.2/base/uvm_pool.svh'.
Back to file '/global/apps/vcs_2020.03/vcs/Q-2020.03/etc/uvm-1.2/base/uvm_base.svh'.
Parsing included file '/global/apps/vcs_2020.03/vcs/Q-2020.03/etc/uvm-1.2/base/uvm_queue.svh'.
Back to file '/global/apps/vcs_2020.03/vcs/Q-2020.03/etc/uvm-1.2/base/uvm_base.svh'.
Parsing included file '/global/apps/vcs_2020.03/vcs/Q-2020.03/etc/uvm-1.2/base/uvm_factory.svh'.
Back to file '/global/apps/vcs_2020.03/vcs/Q-2020.03/etc/uvm-1.2/base/uvm_base.svh'.
Parsing included file '/global/apps/vcs_2020.03/vcs/Q-2020.03/etc/uvm-1.2/base/uvm_registry.svh'.
Back to file '/global/apps/vcs_2020.03/vcs/Q-2020.03/etc/uvm-1.2/base/uvm_base.svh'.
Parsing included file '/global/apps/vcs_2020.03/vcs/Q-2020.03/etc/uvm-1.2/base/uvm_spell_chkr.svh'.
Back to file '/global/apps/vcs_2020.03/vcs/Q-2020.03/etc/uvm-1.2/base/uvm_base.svh'.
Parsing included file '/global/apps/vcs_2020.03/vcs/Q-2020.03/etc/uvm-1.2/base/uvm_resource.svh'.
Back to file '/global/apps/vcs_2020.03/vcs/Q-2020.03/etc/uvm-1.2/base/uvm_base.svh'.
Parsing included file '/global/apps/vcs_2020.03/vcs/Q-2020.03/etc/uvm-1.2/base/uvm_resource_specializations.svh'.
Back to file '/global/apps/vcs_2020.03/vcs/Q-2020.03/etc/uvm-1.2/base/uvm_base.svh'.
Parsing included file '/global/apps/vcs_2020.03/vcs/Q-2020.03/etc/uvm-1.2/base/uvm_resource_db.svh'.
Back to file '/global/apps/vcs_2020.03/vcs/Q-2020.03/etc/uvm-1.2/base/uvm_base.svh'.
Parsing included file '/global/apps/vcs_2020.03/vcs/Q-2020.03/etc/uvm-1.2/base/uvm_config_db.svh'.
Back to file '/global/apps/vcs_2020.03/vcs/Q-2020.03/etc/uvm-1.2/base/uvm_base.svh'.
Parsing included file '/global/apps/vcs_2020.03/vcs/Q-2020.03/etc/uvm-1.2/base/uvm_printer.svh'.
Back to file '/global/apps/vcs_2020.03/vcs/Q-2020.03/etc/uvm-1.2/base/uvm_base.svh'.
Parsing included file '/global/apps/vcs_2020.03/vcs/Q-2020.03/etc/uvm-1.2/base/uvm_comparer.svh'.
Back to file '/global/apps/vcs_2020.03/vcs/Q-2020.03/etc/uvm-1.2/base/uvm_base.svh'.
Parsing included file '/global/apps/vcs_2020.03/vcs/Q-2020.03/etc/uvm-1.2/base/uvm_packer.svh'.
Back to file '/global/apps/vcs_2020.03/vcs/Q-2020.03/etc/uvm-1.2/base/uvm_base.svh'.
Parsing included file '/global/apps/vcs_2020.03/vcs/Q-2020.03/etc/uvm-1.2/base/uvm_links.svh'.
Back to file '/global/apps/vcs_2020.03/vcs/Q-2020.03/etc/uvm-1.2/base/uvm_base.svh'.
Parsing included file '/global/apps/vcs_2020.03/vcs/Q-2020.03/etc/uvm-1.2/base/uvm_tr_database.svh'.
Back to file '/global/apps/vcs_2020.03/vcs/Q-2020.03/etc/uvm-1.2/base/uvm_base.svh'.
Parsing included file '/global/apps/vcs_2020.03/vcs/Q-2020.03/etc/uvm-1.2/base/uvm_tr_stream.svh'.
Back to file '/global/apps/vcs_2020.03/vcs/Q-2020.03/etc/uvm-1.2/base/uvm_base.svh'.
Parsing included file '/global/apps/vcs_2020.03/vcs/Q-2020.03/etc/uvm-1.2/base/uvm_recorder.svh'.
Back to file '/global/apps/vcs_2020.03/vcs/Q-2020.03/etc/uvm-1.2/base/uvm_base.svh'.
Parsing included file '/global/apps/vcs_2020.03/vcs/Q-2020.03/etc/uvm-1.2/base/uvm_event_callback.svh'.
Back to file '/global/apps/vcs_2020.03/vcs/Q-2020.03/etc/uvm-1.2/base/uvm_base.svh'.
Parsing included file '/global/apps/vcs_2020.03/vcs/Q-2020.03/etc/uvm-1.2/base/uvm_event.svh'.
Back to file '/global/apps/vcs_2020.03/vcs/Q-2020.03/etc/uvm-1.2/base/uvm_base.svh'.
Parsing included file '/global/apps/vcs_2020.03/vcs/Q-2020.03/etc/uvm-1.2/base/uvm_barrier.svh'.
Back to file '/global/apps/vcs_2020.03/vcs/Q-2020.03/etc/uvm-1.2/base/uvm_base.svh'.
Parsing included file '/global/apps/vcs_2020.03/vcs/Q-2020.03/etc/uvm-1.2/base/uvm_callback.svh'.
Parsing included file '/global/apps/vcs_2020.03/vcs/Q-2020.03/etc/uvm-1.2/uvm_macros.svh'.
Back to file '/global/apps/vcs_2020.03/vcs/Q-2020.03/etc/uvm-1.2/base/uvm_callback.svh'.
Back to file '/global/apps/vcs_2020.03/vcs/Q-2020.03/etc/uvm-1.2/base/uvm_base.svh'.
Parsing included file '/global/apps/vcs_2020.03/vcs/Q-2020.03/etc/uvm-1.2/base/uvm_report_message.svh'.
Back to file '/global/apps/vcs_2020.03/vcs/Q-2020.03/etc/uvm-1.2/base/uvm_base.svh'.
Parsing included file '/global/apps/vcs_2020.03/vcs/Q-2020.03/etc/uvm-1.2/base/uvm_report_catcher.svh'.
Back to file '/global/apps/vcs_2020.03/vcs/Q-2020.03/etc/uvm-1.2/base/uvm_base.svh'.
Parsing included file '/global/apps/vcs_2020.03/vcs/Q-2020.03/etc/uvm-1.2/base/uvm_report_server.svh'.
Back to file '/global/apps/vcs_2020.03/vcs/Q-2020.03/etc/uvm-1.2/base/uvm_base.svh'.
Parsing included file '/global/apps/vcs_2020.03/vcs/Q-2020.03/etc/uvm-1.2/base/uvm_report_handler.svh'.
Back to file '/global/apps/vcs_2020.03/vcs/Q-2020.03/etc/uvm-1.2/base/uvm_base.svh'.
Parsing included file '/global/apps/vcs_2020.03/vcs/Q-2020.03/etc/uvm-1.2/base/uvm_report_object.svh'.
Back to file '/global/apps/vcs_2020.03/vcs/Q-2020.03/etc/uvm-1.2/base/uvm_base.svh'.
Parsing included file '/global/apps/vcs_2020.03/vcs/Q-2020.03/etc/uvm-1.2/base/uvm_transaction.svh'.
Back to file '/global/apps/vcs_2020.03/vcs/Q-2020.03/etc/uvm-1.2/base/uvm_base.svh'.
Parsing included file '/global/apps/vcs_2020.03/vcs/Q-2020.03/etc/uvm-1.2/base/uvm_phase.svh'.
Back to file '/global/apps/vcs_2020.03/vcs/Q-2020.03/etc/uvm-1.2/base/uvm_base.svh'.
Parsing included file '/global/apps/vcs_2020.03/vcs/Q-2020.03/etc/uvm-1.2/base/uvm_domain.svh'.
Back to file '/global/apps/vcs_2020.03/vcs/Q-2020.03/etc/uvm-1.2/base/uvm_base.svh'.
Parsing included file '/global/apps/vcs_2020.03/vcs/Q-2020.03/etc/uvm-1.2/base/uvm_bottomup_phase.svh'.
Back to file '/global/apps/vcs_2020.03/vcs/Q-2020.03/etc/uvm-1.2/base/uvm_base.svh'.
Parsing included file '/global/apps/vcs_2020.03/vcs/Q-2020.03/etc/uvm-1.2/base/uvm_topdown_phase.svh'.
Back to file '/global/apps/vcs_2020.03/vcs/Q-2020.03/etc/uvm-1.2/base/uvm_base.svh'.
Parsing included file '/global/apps/vcs_2020.03/vcs/Q-2020.03/etc/uvm-1.2/base/uvm_task_phase.svh'.
Back to file '/global/apps/vcs_2020.03/vcs/Q-2020.03/etc/uvm-1.2/base/uvm_base.svh'.
Parsing included file '/global/apps/vcs_2020.03/vcs/Q-2020.03/etc/uvm-1.2/base/uvm_common_phases.svh'.
Back to file '/global/apps/vcs_2020.03/vcs/Q-2020.03/etc/uvm-1.2/base/uvm_base.svh'.
Parsing included file '/global/apps/vcs_2020.03/vcs/Q-2020.03/etc/uvm-1.2/base/uvm_runtime_phases.svh'.
Back to file '/global/apps/vcs_2020.03/vcs/Q-2020.03/etc/uvm-1.2/base/uvm_base.svh'.
Parsing included file '/global/apps/vcs_2020.03/vcs/Q-2020.03/etc/uvm-1.2/base/uvm_component.svh'.
Parsing included file '/global/apps/vcs_2020.03/vcs/Q-2020.03/etc/uvm-1.2/base/uvm_root.svh'.
Back to file '/global/apps/vcs_2020.03/vcs/Q-2020.03/etc/uvm-1.2/base/uvm_component.svh'.
Back to file '/global/apps/vcs_2020.03/vcs/Q-2020.03/etc/uvm-1.2/base/uvm_base.svh'.
Parsing included file '/global/apps/vcs_2020.03/vcs/Q-2020.03/etc/uvm-1.2/base/uvm_objection.svh'.
Back to file '/global/apps/vcs_2020.03/vcs/Q-2020.03/etc/uvm-1.2/base/uvm_base.svh'.
Parsing included file '/global/apps/vcs_2020.03/vcs/Q-2020.03/etc/uvm-1.2/base/uvm_heartbeat.svh'.
Back to file '/global/apps/vcs_2020.03/vcs/Q-2020.03/etc/uvm-1.2/base/uvm_base.svh'.
Parsing included file '/global/apps/vcs_2020.03/vcs/Q-2020.03/etc/uvm-1.2/base/uvm_globals.svh'.
Back to file '/global/apps/vcs_2020.03/vcs/Q-2020.03/etc/uvm-1.2/base/uvm_base.svh'.
Parsing included file '/global/apps/vcs_2020.03/vcs/Q-2020.03/etc/uvm-1.2/base/uvm_cmdline_processor.svh'.
Back to file '/global/apps/vcs_2020.03/vcs/Q-2020.03/etc/uvm-1.2/base/uvm_base.svh'.
Parsing included file '/global/apps/vcs_2020.03/vcs/Q-2020.03/etc/uvm-1.2/base/uvm_traversal.svh'.
Back to file '/global/apps/vcs_2020.03/vcs/Q-2020.03/etc/uvm-1.2/base/uvm_base.svh'.
Back to file '/global/apps/vcs_2020.03/vcs/Q-2020.03/etc/uvm-1.2/uvm_pkg.sv'.
Parsing included file '/global/apps/vcs_2020.03/vcs/Q-2020.03/etc/uvm-1.2/dap/uvm_dap.svh'.
Parsing included file '/global/apps/vcs_2020.03/vcs/Q-2020.03/etc/uvm-1.2/dap/uvm_set_get_dap_base.svh'.
Back to file '/global/apps/vcs_2020.03/vcs/Q-2020.03/etc/uvm-1.2/dap/uvm_dap.svh'.
Parsing included file '/global/apps/vcs_2020.03/vcs/Q-2020.03/etc/uvm-1.2/dap/uvm_simple_lock_dap.svh'.
Back to file '/global/apps/vcs_2020.03/vcs/Q-2020.03/etc/uvm-1.2/dap/uvm_dap.svh'.
Parsing included file '/global/apps/vcs_2020.03/vcs/Q-2020.03/etc/uvm-1.2/dap/uvm_get_to_lock_dap.svh'.
Back to file '/global/apps/vcs_2020.03/vcs/Q-2020.03/etc/uvm-1.2/dap/uvm_dap.svh'.
Parsing included file '/global/apps/vcs_2020.03/vcs/Q-2020.03/etc/uvm-1.2/dap/uvm_set_before_get_dap.svh'.
Back to file '/global/apps/vcs_2020.03/vcs/Q-2020.03/etc/uvm-1.2/dap/uvm_dap.svh'.
Back to file '/global/apps/vcs_2020.03/vcs/Q-2020.03/etc/uvm-1.2/uvm_pkg.sv'.
Parsing included file '/global/apps/vcs_2020.03/vcs/Q-2020.03/etc/uvm-1.2/tlm1/uvm_tlm.svh'.
Parsing included file '/global/apps/vcs_2020.03/vcs/Q-2020.03/etc/uvm-1.2/tlm1/uvm_tlm_ifs.svh'.
Back to file '/global/apps/vcs_2020.03/vcs/Q-2020.03/etc/uvm-1.2/tlm1/uvm_tlm.svh'.
Parsing included file '/global/apps/vcs_2020.03/vcs/Q-2020.03/etc/uvm-1.2/tlm1/uvm_sqr_ifs.svh'.
Back to file '/global/apps/vcs_2020.03/vcs/Q-2020.03/etc/uvm-1.2/tlm1/uvm_tlm.svh'.
Parsing included file '/global/apps/vcs_2020.03/vcs/Q-2020.03/etc/uvm-1.2/base/uvm_port_base.svh'.
Back to file '/global/apps/vcs_2020.03/vcs/Q-2020.03/etc/uvm-1.2/tlm1/uvm_tlm.svh'.
Parsing included file '/global/apps/vcs_2020.03/vcs/Q-2020.03/etc/uvm-1.2/tlm1/uvm_tlm_imps.svh'.
Back to file '/global/apps/vcs_2020.03/vcs/Q-2020.03/etc/uvm-1.2/tlm1/uvm_tlm.svh'.
Parsing included file '/global/apps/vcs_2020.03/vcs/Q-2020.03/etc/uvm-1.2/tlm1/uvm_imps.svh'.
Back to file '/global/apps/vcs_2020.03/vcs/Q-2020.03/etc/uvm-1.2/tlm1/uvm_tlm.svh'.
Parsing included file '/global/apps/vcs_2020.03/vcs/Q-2020.03/etc/uvm-1.2/tlm1/uvm_ports.svh'.
Back to file '/global/apps/vcs_2020.03/vcs/Q-2020.03/etc/uvm-1.2/tlm1/uvm_tlm.svh'.
Parsing included file '/global/apps/vcs_2020.03/vcs/Q-2020.03/etc/uvm-1.2/tlm1/uvm_exports.svh'.
Back to file '/global/apps/vcs_2020.03/vcs/Q-2020.03/etc/uvm-1.2/tlm1/uvm_tlm.svh'.
Parsing included file '/global/apps/vcs_2020.03/vcs/Q-2020.03/etc/uvm-1.2/tlm1/uvm_analysis_port.svh'.
Back to file '/global/apps/vcs_2020.03/vcs/Q-2020.03/etc/uvm-1.2/tlm1/uvm_tlm.svh'.
Parsing included file '/global/apps/vcs_2020.03/vcs/Q-2020.03/etc/uvm-1.2/tlm1/uvm_tlm_fifo_base.svh'.
Back to file '/global/apps/vcs_2020.03/vcs/Q-2020.03/etc/uvm-1.2/tlm1/uvm_tlm.svh'.
Parsing included file '/global/apps/vcs_2020.03/vcs/Q-2020.03/etc/uvm-1.2/tlm1/uvm_tlm_fifos.svh'.
Back to file '/global/apps/vcs_2020.03/vcs/Q-2020.03/etc/uvm-1.2/tlm1/uvm_tlm.svh'.
Parsing included file '/global/apps/vcs_2020.03/vcs/Q-2020.03/etc/uvm-1.2/tlm1/uvm_tlm_req_rsp.svh'.
Back to file '/global/apps/vcs_2020.03/vcs/Q-2020.03/etc/uvm-1.2/tlm1/uvm_tlm.svh'.
Parsing included file '/global/apps/vcs_2020.03/vcs/Q-2020.03/etc/uvm-1.2/tlm1/uvm_sqr_connections.svh'.
Back to file '/global/apps/vcs_2020.03/vcs/Q-2020.03/etc/uvm-1.2/tlm1/uvm_tlm.svh'.
Back to file '/global/apps/vcs_2020.03/vcs/Q-2020.03/etc/uvm-1.2/uvm_pkg.sv'.
Parsing included file '/global/apps/vcs_2020.03/vcs/Q-2020.03/etc/uvm-1.2/comps/uvm_comps.svh'.
Parsing included file '/global/apps/vcs_2020.03/vcs/Q-2020.03/etc/uvm-1.2/comps/uvm_pair.svh'.
Back to file '/global/apps/vcs_2020.03/vcs/Q-2020.03/etc/uvm-1.2/comps/uvm_comps.svh'.
Parsing included file '/global/apps/vcs_2020.03/vcs/Q-2020.03/etc/uvm-1.2/comps/uvm_policies.svh'.
Back to file '/global/apps/vcs_2020.03/vcs/Q-2020.03/etc/uvm-1.2/comps/uvm_comps.svh'.
Parsing included file '/global/apps/vcs_2020.03/vcs/Q-2020.03/etc/uvm-1.2/comps/uvm_in_order_comparator.svh'.
Back to file '/global/apps/vcs_2020.03/vcs/Q-2020.03/etc/uvm-1.2/comps/uvm_comps.svh'.
Parsing included file '/global/apps/vcs_2020.03/vcs/Q-2020.03/etc/uvm-1.2/comps/uvm_algorithmic_comparator.svh'.
Back to file '/global/apps/vcs_2020.03/vcs/Q-2020.03/etc/uvm-1.2/comps/uvm_comps.svh'.
Parsing included file '/global/apps/vcs_2020.03/vcs/Q-2020.03/etc/uvm-1.2/comps/uvm_random_stimulus.svh'.
Back to file '/global/apps/vcs_2020.03/vcs/Q-2020.03/etc/uvm-1.2/comps/uvm_comps.svh'.
Parsing included file '/global/apps/vcs_2020.03/vcs/Q-2020.03/etc/uvm-1.2/comps/uvm_subscriber.svh'.
Back to file '/global/apps/vcs_2020.03/vcs/Q-2020.03/etc/uvm-1.2/comps/uvm_comps.svh'.
Parsing included file '/global/apps/vcs_2020.03/vcs/Q-2020.03/etc/uvm-1.2/comps/uvm_monitor.svh'.
Back to file '/global/apps/vcs_2020.03/vcs/Q-2020.03/etc/uvm-1.2/comps/uvm_comps.svh'.
Parsing included file '/global/apps/vcs_2020.03/vcs/Q-2020.03/etc/uvm-1.2/comps/uvm_driver.svh'.
Back to file '/global/apps/vcs_2020.03/vcs/Q-2020.03/etc/uvm-1.2/comps/uvm_comps.svh'.
Parsing included file '/global/apps/vcs_2020.03/vcs/Q-2020.03/etc/uvm-1.2/comps/uvm_push_driver.svh'.
Back to file '/global/apps/vcs_2020.03/vcs/Q-2020.03/etc/uvm-1.2/comps/uvm_comps.svh'.
Parsing included file '/global/apps/vcs_2020.03/vcs/Q-2020.03/etc/uvm-1.2/comps/uvm_scoreboard.svh'.
Back to file '/global/apps/vcs_2020.03/vcs/Q-2020.03/etc/uvm-1.2/comps/uvm_comps.svh'.
Parsing included file '/global/apps/vcs_2020.03/vcs/Q-2020.03/etc/uvm-1.2/comps/uvm_agent.svh'.
Back to file '/global/apps/vcs_2020.03/vcs/Q-2020.03/etc/uvm-1.2/comps/uvm_comps.svh'.
Parsing included file '/global/apps/vcs_2020.03/vcs/Q-2020.03/etc/uvm-1.2/comps/uvm_env.svh'.
Back to file '/global/apps/vcs_2020.03/vcs/Q-2020.03/etc/uvm-1.2/comps/uvm_comps.svh'.
Parsing included file '/global/apps/vcs_2020.03/vcs/Q-2020.03/etc/uvm-1.2/comps/uvm_test.svh'.
Back to file '/global/apps/vcs_2020.03/vcs/Q-2020.03/etc/uvm-1.2/comps/uvm_comps.svh'.
Back to file '/global/apps/vcs_2020.03/vcs/Q-2020.03/etc/uvm-1.2/uvm_pkg.sv'.
Parsing included file '/global/apps/vcs_2020.03/vcs/Q-2020.03/etc/uvm-1.2/seq/uvm_seq.svh'.
Parsing included file '/global/apps/vcs_2020.03/vcs/Q-2020.03/etc/uvm-1.2/seq/uvm_sequence_item.svh'.
Back to file '/global/apps/vcs_2020.03/vcs/Q-2020.03/etc/uvm-1.2/seq/uvm_seq.svh'.
Parsing included file '/global/apps/vcs_2020.03/vcs/Q-2020.03/etc/uvm-1.2/seq/uvm_sequencer_base.svh'.
Back to file '/global/apps/vcs_2020.03/vcs/Q-2020.03/etc/uvm-1.2/seq/uvm_seq.svh'.
Parsing included file '/global/apps/vcs_2020.03/vcs/Q-2020.03/etc/uvm-1.2/seq/uvm_sequencer_analysis_fifo.svh'.
Back to file '/global/apps/vcs_2020.03/vcs/Q-2020.03/etc/uvm-1.2/seq/uvm_seq.svh'.
Parsing included file '/global/apps/vcs_2020.03/vcs/Q-2020.03/etc/uvm-1.2/seq/uvm_sequencer_param_base.svh'.
Back to file '/global/apps/vcs_2020.03/vcs/Q-2020.03/etc/uvm-1.2/seq/uvm_seq.svh'.
Parsing included file '/global/apps/vcs_2020.03/vcs/Q-2020.03/etc/uvm-1.2/seq/uvm_sequencer.svh'.
Back to file '/global/apps/vcs_2020.03/vcs/Q-2020.03/etc/uvm-1.2/seq/uvm_seq.svh'.
Parsing included file '/global/apps/vcs_2020.03/vcs/Q-2020.03/etc/uvm-1.2/seq/uvm_push_sequencer.svh'.
Back to file '/global/apps/vcs_2020.03/vcs/Q-2020.03/etc/uvm-1.2/seq/uvm_seq.svh'.
Parsing included file '/global/apps/vcs_2020.03/vcs/Q-2020.03/etc/uvm-1.2/seq/uvm_sequence_base.svh'.
Back to file '/global/apps/vcs_2020.03/vcs/Q-2020.03/etc/uvm-1.2/seq/uvm_seq.svh'.
Parsing included file '/global/apps/vcs_2020.03/vcs/Q-2020.03/etc/uvm-1.2/seq/uvm_sequence.svh'.
Back to file '/global/apps/vcs_2020.03/vcs/Q-2020.03/etc/uvm-1.2/seq/uvm_seq.svh'.
Parsing included file '/global/apps/vcs_2020.03/vcs/Q-2020.03/etc/uvm-1.2/seq/uvm_sequence_library.svh'.
Back to file '/global/apps/vcs_2020.03/vcs/Q-2020.03/etc/uvm-1.2/seq/uvm_seq.svh'.
Parsing included file '/global/apps/vcs_2020.03/vcs/Q-2020.03/etc/uvm-1.2/seq/uvm_sequence_builtin.svh'.
Back to file '/global/apps/vcs_2020.03/vcs/Q-2020.03/etc/uvm-1.2/seq/uvm_seq.svh'.
Back to file '/global/apps/vcs_2020.03/vcs/Q-2020.03/etc/uvm-1.2/uvm_pkg.sv'.
Parsing included file '/global/apps/vcs_2020.03/vcs/Q-2020.03/etc/uvm-1.2/tlm2/uvm_tlm2.svh'.
Parsing included file '/global/apps/vcs_2020.03/vcs/Q-2020.03/etc/uvm-1.2/tlm2/uvm_tlm2_defines.svh'.
Back to file '/global/apps/vcs_2020.03/vcs/Q-2020.03/etc/uvm-1.2/tlm2/uvm_tlm2.svh'.
Parsing included file '/global/apps/vcs_2020.03/vcs/Q-2020.03/etc/uvm-1.2/tlm2/uvm_tlm2_time.svh'.
Back to file '/global/apps/vcs_2020.03/vcs/Q-2020.03/etc/uvm-1.2/tlm2/uvm_tlm2.svh'.
Parsing included file '/global/apps/vcs_2020.03/vcs/Q-2020.03/etc/uvm-1.2/tlm2/uvm_tlm2_generic_payload.svh'.
Back to file '/global/apps/vcs_2020.03/vcs/Q-2020.03/etc/uvm-1.2/tlm2/uvm_tlm2.svh'.
Parsing included file '/global/apps/vcs_2020.03/vcs/Q-2020.03/etc/uvm-1.2/tlm2/uvm_tlm2_ifs.svh'.
Back to file '/global/apps/vcs_2020.03/vcs/Q-2020.03/etc/uvm-1.2/tlm2/uvm_tlm2.svh'.
Parsing included file '/global/apps/vcs_2020.03/vcs/Q-2020.03/etc/uvm-1.2/tlm2/uvm_tlm2_imps.svh'.
Back to file '/global/apps/vcs_2020.03/vcs/Q-2020.03/etc/uvm-1.2/tlm2/uvm_tlm2.svh'.
Parsing included file '/global/apps/vcs_2020.03/vcs/Q-2020.03/etc/uvm-1.2/tlm2/uvm_tlm2_ports.svh'.
Back to file '/global/apps/vcs_2020.03/vcs/Q-2020.03/etc/uvm-1.2/tlm2/uvm_tlm2.svh'.
Parsing included file '/global/apps/vcs_2020.03/vcs/Q-2020.03/etc/uvm-1.2/tlm2/uvm_tlm2_exports.svh'.
Back to file '/global/apps/vcs_2020.03/vcs/Q-2020.03/etc/uvm-1.2/tlm2/uvm_tlm2.svh'.
Parsing included file '/global/apps/vcs_2020.03/vcs/Q-2020.03/etc/uvm-1.2/tlm2/uvm_tlm2_sockets_base.svh'.
Back to file '/global/apps/vcs_2020.03/vcs/Q-2020.03/etc/uvm-1.2/tlm2/uvm_tlm2.svh'.
Parsing included file '/global/apps/vcs_2020.03/vcs/Q-2020.03/etc/uvm-1.2/tlm2/uvm_tlm2_sockets.svh'.
Back to file '/global/apps/vcs_2020.03/vcs/Q-2020.03/etc/uvm-1.2/tlm2/uvm_tlm2.svh'.
Back to file '/global/apps/vcs_2020.03/vcs/Q-2020.03/etc/uvm-1.2/uvm_pkg.sv'.
Parsing included file '/global/apps/vcs_2020.03/vcs/Q-2020.03/etc/uvm-1.2/reg/uvm_reg_model.svh'.
Parsing included file '/global/apps/vcs_2020.03/vcs/Q-2020.03/etc/uvm-1.2/reg/uvm_reg_item.svh'.
Back to file '/global/apps/vcs_2020.03/vcs/Q-2020.03/etc/uvm-1.2/reg/uvm_reg_model.svh'.
Parsing included file '/global/apps/vcs_2020.03/vcs/Q-2020.03/etc/uvm-1.2/reg/uvm_reg_adapter.svh'.
Back to file '/global/apps/vcs_2020.03/vcs/Q-2020.03/etc/uvm-1.2/reg/uvm_reg_model.svh'.
Parsing included file '/global/apps/vcs_2020.03/vcs/Q-2020.03/etc/uvm-1.2/reg/uvm_reg_predictor.svh'.
Back to file '/global/apps/vcs_2020.03/vcs/Q-2020.03/etc/uvm-1.2/reg/uvm_reg_model.svh'.
Parsing included file '/global/apps/vcs_2020.03/vcs/Q-2020.03/etc/uvm-1.2/reg/uvm_reg_sequence.svh'.
Back to file '/global/apps/vcs_2020.03/vcs/Q-2020.03/etc/uvm-1.2/reg/uvm_reg_model.svh'.
Parsing included file '/global/apps/vcs_2020.03/vcs/Q-2020.03/etc/uvm-1.2/reg/uvm_reg_cbs.svh'.
Back to file '/global/apps/vcs_2020.03/vcs/Q-2020.03/etc/uvm-1.2/reg/uvm_reg_model.svh'.
Parsing included file '/global/apps/vcs_2020.03/vcs/Q-2020.03/etc/uvm-1.2/reg/uvm_reg_backdoor.svh'.
Back to file '/global/apps/vcs_2020.03/vcs/Q-2020.03/etc/uvm-1.2/reg/uvm_reg_model.svh'.
Parsing included file '/global/apps/vcs_2020.03/vcs/Q-2020.03/etc/uvm-1.2/reg/uvm_reg_field.svh'.
Back to file '/global/apps/vcs_2020.03/vcs/Q-2020.03/etc/uvm-1.2/reg/uvm_reg_model.svh'.
Parsing included file '/global/apps/vcs_2020.03/vcs/Q-2020.03/etc/uvm-1.2/reg/uvm_vreg_field.svh'.
Back to file '/global/apps/vcs_2020.03/vcs/Q-2020.03/etc/uvm-1.2/reg/uvm_reg_model.svh'.
Parsing included file '/global/apps/vcs_2020.03/vcs/Q-2020.03/etc/uvm-1.2/reg/uvm_reg.svh'.
Back to file '/global/apps/vcs_2020.03/vcs/Q-2020.03/etc/uvm-1.2/reg/uvm_reg_model.svh'.
Parsing included file '/global/apps/vcs_2020.03/vcs/Q-2020.03/etc/uvm-1.2/reg/uvm_reg_indirect.svh'.
Back to file '/global/apps/vcs_2020.03/vcs/Q-2020.03/etc/uvm-1.2/reg/uvm_reg_model.svh'.
Parsing included file '/global/apps/vcs_2020.03/vcs/Q-2020.03/etc/uvm-1.2/reg/uvm_reg_fifo.svh'.
Back to file '/global/apps/vcs_2020.03/vcs/Q-2020.03/etc/uvm-1.2/reg/uvm_reg_model.svh'.
Parsing included file '/global/apps/vcs_2020.03/vcs/Q-2020.03/etc/uvm-1.2/reg/uvm_reg_file.svh'.
Back to file '/global/apps/vcs_2020.03/vcs/Q-2020.03/etc/uvm-1.2/reg/uvm_reg_model.svh'.
Parsing included file '/global/apps/vcs_2020.03/vcs/Q-2020.03/etc/uvm-1.2/reg/uvm_mem_mam.svh'.
Back to file '/global/apps/vcs_2020.03/vcs/Q-2020.03/etc/uvm-1.2/reg/uvm_reg_model.svh'.
Parsing included file '/global/apps/vcs_2020.03/vcs/Q-2020.03/etc/uvm-1.2/reg/uvm_vreg.svh'.
Back to file '/global/apps/vcs_2020.03/vcs/Q-2020.03/etc/uvm-1.2/reg/uvm_reg_model.svh'.
Parsing included file '/global/apps/vcs_2020.03/vcs/Q-2020.03/etc/uvm-1.2/reg/uvm_mem.svh'.
Back to file '/global/apps/vcs_2020.03/vcs/Q-2020.03/etc/uvm-1.2/reg/uvm_reg_model.svh'.
Parsing included file '/global/apps/vcs_2020.03/vcs/Q-2020.03/etc/uvm-1.2/reg/uvm_reg_map.svh'.
Back to file '/global/apps/vcs_2020.03/vcs/Q-2020.03/etc/uvm-1.2/reg/uvm_reg_model.svh'.
Parsing included file '/global/apps/vcs_2020.03/vcs/Q-2020.03/etc/uvm-1.2/reg/uvm_reg_block.svh'.
Back to file '/global/apps/vcs_2020.03/vcs/Q-2020.03/etc/uvm-1.2/reg/uvm_reg_model.svh'.
Parsing included file '/global/apps/vcs_2020.03/vcs/Q-2020.03/etc/uvm-1.2/reg/sequences/uvm_reg_hw_reset_seq.svh'.
Back to file '/global/apps/vcs_2020.03/vcs/Q-2020.03/etc/uvm-1.2/reg/uvm_reg_model.svh'.
Parsing included file '/global/apps/vcs_2020.03/vcs/Q-2020.03/etc/uvm-1.2/reg/sequences/uvm_reg_bit_bash_seq.svh'.
Back to file '/global/apps/vcs_2020.03/vcs/Q-2020.03/etc/uvm-1.2/reg/uvm_reg_model.svh'.
Parsing included file '/global/apps/vcs_2020.03/vcs/Q-2020.03/etc/uvm-1.2/reg/sequences/uvm_mem_walk_seq.svh'.
Back to file '/global/apps/vcs_2020.03/vcs/Q-2020.03/etc/uvm-1.2/reg/uvm_reg_model.svh'.
Parsing included file '/global/apps/vcs_2020.03/vcs/Q-2020.03/etc/uvm-1.2/reg/sequences/uvm_mem_access_seq.svh'.
Back to file '/global/apps/vcs_2020.03/vcs/Q-2020.03/etc/uvm-1.2/reg/uvm_reg_model.svh'.
Parsing included file '/global/apps/vcs_2020.03/vcs/Q-2020.03/etc/uvm-1.2/reg/sequences/uvm_reg_access_seq.svh'.
Back to file '/global/apps/vcs_2020.03/vcs/Q-2020.03/etc/uvm-1.2/reg/uvm_reg_model.svh'.
Parsing included file '/global/apps/vcs_2020.03/vcs/Q-2020.03/etc/uvm-1.2/reg/sequences/uvm_reg_mem_shared_access_seq.svh'.
Back to file '/global/apps/vcs_2020.03/vcs/Q-2020.03/etc/uvm-1.2/reg/uvm_reg_model.svh'.
Parsing included file '/global/apps/vcs_2020.03/vcs/Q-2020.03/etc/uvm-1.2/reg/sequences/uvm_reg_mem_built_in_seq.svh'.
Back to file '/global/apps/vcs_2020.03/vcs/Q-2020.03/etc/uvm-1.2/reg/uvm_reg_model.svh'.
Parsing included file '/global/apps/vcs_2020.03/vcs/Q-2020.03/etc/uvm-1.2/reg/sequences/uvm_reg_mem_hdl_paths_seq.svh'.
Back to file '/global/apps/vcs_2020.03/vcs/Q-2020.03/etc/uvm-1.2/reg/uvm_reg_model.svh'.
Parsing included file '/global/apps/vcs_2020.03/vcs/Q-2020.03/etc/uvm-1.2/reg/snps_uvm_reg_bank.svh'.
Back to file '/global/apps/vcs_2020.03/vcs/Q-2020.03/etc/uvm-1.2/reg/uvm_reg_model.svh'.
Back to file '/global/apps/vcs_2020.03/vcs/Q-2020.03/etc/uvm-1.2/uvm_pkg.sv'.
Parsing included file '/global/apps/vcs_2020.03/vcs/Q-2020.03/etc/uvm-1.2/vcs/vcs_uvm_alt.sv'.
Back to file '/global/apps/vcs_2020.03/vcs/Q-2020.03/etc/uvm-1.2/uvm_pkg.sv'.
Parsing design file '/global/apps/vcs_2020.03/vcs/Q-2020.03/etc/uvm-1.2/vcs/uvm_custom_install_vcs_recorder.sv'
Parsing included file '/global/apps/vcs_2020.03/vcs/Q-2020.03/etc/uvm-1.2/vcs/msglog.svh'.
Back to file '/global/apps/vcs_2020.03/vcs/Q-2020.03/etc/uvm-1.2/vcs/uvm_custom_install_vcs_recorder.sv'.
Parsing included file '/global/apps/vcs_2020.03/vcs/Q-2020.03/etc/uvm-1.2/vcs/uvm_msglog_report_server.sv'.
Back to file '/global/apps/vcs_2020.03/vcs/Q-2020.03/etc/uvm-1.2/vcs/uvm_custom_install_vcs_recorder.sv'.
Parsing included file '/global/apps/vcs_2020.03/vcs/Q-2020.03/etc/uvm-1.2/vcs/uvm_vcs_recorder.svh'.
Parsing included file '/global/apps/vcs_2020.03/vcs/Q-2020.03/etc/uvm-1.2/vcs/uvm_vcs_tr_database.svh'.
Parsing included file '/global/apps/vcs_2020.03/vcs/Q-2020.03/etc/uvm-1.2/vcs/uvm_vcs_tr_stream.svh'.
Back to file '/global/apps/vcs_2020.03/vcs/Q-2020.03/etc/uvm-1.2/vcs/uvm_vcs_tr_database.svh'.
Back to file '/global/apps/vcs_2020.03/vcs/Q-2020.03/etc/uvm-1.2/vcs/uvm_vcs_recorder.svh'.
Back to file '/global/apps/vcs_2020.03/vcs/Q-2020.03/etc/uvm-1.2/vcs/uvm_custom_install_vcs_recorder.sv'.
Parsing included file '/global/apps/vcs_2020.03/vcs/Q-2020.03/etc/uvm-1.2/vcs/uvm_vcs_record_interface.sv'.
Parsing included file '/global/apps/vcs_2020.03/vcs/Q-2020.03/etc/uvm-1.2/macros/uvm_global_defines.svh'.
Back to file '/global/apps/vcs_2020.03/vcs/Q-2020.03/etc/uvm-1.2/vcs/uvm_vcs_record_interface.sv'.
Back to file '/global/apps/vcs_2020.03/vcs/Q-2020.03/etc/uvm-1.2/vcs/uvm_custom_install_vcs_recorder.sv'.
Parsing design file '/global/apps/vcs_2020.03/vcs/Q-2020.03/etc/uvm-1.2/verdi/uvm_custom_install_verdi_recorder.sv'
Parsing included file '/global/apps/vcs_2020.03/vcs/Q-2020.03/etc/uvm-1.2/uvm_macros.svh'.
Back to file '/global/apps/vcs_2020.03/vcs/Q-2020.03/etc/uvm-1.2/verdi/uvm_custom_install_verdi_recorder.sv'.
Parsing included file '/global/apps/vcs_2020.03/vcs/Q-2020.03/etc/uvm-1.2/verdi/uvm_verdi_recorder.svh'.
Parsing included file '/global/apps/vcs_2020.03/vcs/Q-2020.03/etc/uvm-1.2/verdi/uvm_verdi_pli_base.svh'.
Back to file '/global/apps/vcs_2020.03/vcs/Q-2020.03/etc/uvm-1.2/verdi/uvm_verdi_recorder.svh'.
Parsing included file '/global/apps/vcs_2020.03/vcs/Q-2020.03/etc/uvm-1.2/verdi/uvm_verdi_tr_database.svh'.
Parsing included file '/global/apps/vcs_2020.03/vcs/Q-2020.03/etc/uvm-1.2/verdi/uvm_verdi_tr_stream.svh'.
Back to file '/global/apps/vcs_2020.03/vcs/Q-2020.03/etc/uvm-1.2/verdi/uvm_verdi_tr_database.svh'.
Back to file '/global/apps/vcs_2020.03/vcs/Q-2020.03/etc/uvm-1.2/verdi/uvm_verdi_recorder.svh'.
Back to file '/global/apps/vcs_2020.03/vcs/Q-2020.03/etc/uvm-1.2/verdi/uvm_custom_install_verdi_recorder.sv'.
Parsing included file '/global/apps/vcs_2020.03/vcs/Q-2020.03/etc/uvm-1.2/verdi/uvm_verdi_reg_map_recording.sv'.
Back to file '/global/apps/vcs_2020.03/vcs/Q-2020.03/etc/uvm-1.2/verdi/uvm_custom_install_verdi_recorder.sv'.
Parsing included file '/global/apps/vcs_2020.03/vcs/Q-2020.03/etc/uvm-1.2/verdi/uvm_verdi_message_catcher.svh'.
Parsing included file '/global/apps/vcs_2020.03/vcs/Q-2020.03/etc/uvm-1.2/verdi/uvm_verdi_pli_base.svh'.
Back to file '/global/apps/vcs_2020.03/vcs/Q-2020.03/etc/uvm-1.2/verdi/uvm_verdi_message_catcher.svh'.
Back to file '/global/apps/vcs_2020.03/vcs/Q-2020.03/etc/uvm-1.2/verdi/uvm_custom_install_verdi_recorder.sv'.
Parsing included file '/global/apps/vcs_2020.03/vcs/Q-2020.03/etc/uvm-1.2/verdi/uvm_verdi_factory.svh'.
Back to file '/global/apps/vcs_2020.03/vcs/Q-2020.03/etc/uvm-1.2/verdi/uvm_custom_install_verdi_recorder.sv'.
Parsing included file '/global/apps/vcs_2020.03/vcs/Q-2020.03/etc/uvm-1.2/verdi/./dpi/uvm_verdi_dpi.svh'.
Back to file '/global/apps/vcs_2020.03/vcs/Q-2020.03/etc/uvm-1.2/verdi/uvm_custom_install_verdi_recorder.sv'.
Parsing included file '/global/apps/vcs_2020.03/vcs/Q-2020.03/etc/uvm-1.2/verdi/uvm_verdi_reg_recording.sv'.
Back to file '/global/apps/vcs_2020.03/vcs/Q-2020.03/etc/uvm-1.2/verdi/uvm_custom_install_verdi_recorder.sv'.
Parsing included file '/global/apps/verdi_2020.03/verdi/Q-2020.03/share/PLI/VCS/include/verdi_trans_recorder_dpi.svh'.
Back to file '/global/apps/vcs_2020.03/vcs/Q-2020.03/etc/uvm-1.2/verdi/uvm_custom_install_verdi_recorder.sv'.
Parsing included file '/global/apps/vcs_2020.03/vcs/Q-2020.03/etc/uvm-1.2/verdi/uvm_verdi_pli.svh'.
Back to file '/global/apps/vcs_2020.03/vcs/Q-2020.03/etc/uvm-1.2/verdi/uvm_custom_install_verdi_recorder.sv'.
Parsing design file '/global/apps/vcs_2020.03/vcs/Q-2020.03/etc/uvm-1.2/verdi/uvm_custom_install_verdi_recorder.sv'
Parsing design file '../../../UART/UART_UVC/ENV/apb_defines.sv'
Parsing design file '../../../UART/UART_UVC/ENV/uvc_pkg.sv'
Parsing included file '/global/apps/vcs_2020.03/vcs/Q-2020.03/etc/uvm-1.2/uvm_macros.svh'.
Back to file '../../../UART/UART_UVC/ENV/uvc_pkg.sv'.
Parsing included file '../../../UART/UART_UVC/ENV/apb_defines.sv'.
Back to file '../../../UART/UART_UVC/ENV/uvc_pkg.sv'.
Parsing included file '../../../UART/UART_UVC/SRC/uart_reg_config.sv'.
Back to file '../../../UART/UART_UVC/ENV/uvc_pkg.sv'.
Parsing included file '../../../UART/UART_UVC/SRC/uart_seq_item.sv'.
Back to file '../../../UART/UART_UVC/ENV/uvc_pkg.sv'.
Parsing included file '../../../UART/UART_UVC/UART_TX_AGENT/uart_sequencer.sv'.
Back to file '../../../UART/UART_UVC/ENV/uvc_pkg.sv'.
Parsing included file '../../../UART/UART_UVC/SRC/uart_agent_config.sv'.
Back to file '../../../UART/UART_UVC/ENV/uvc_pkg.sv'.
Parsing included file '../../../UART/UART_UVC/UART_TX_AGENT/uart_tx_monitor.sv'.
Back to file '../../../UART/UART_UVC/ENV/uvc_pkg.sv'.
Parsing included file '../../../UART/UART_UVC/UART_RX_AGENT/uart_rx_monitor.sv'.
Back to file '../../../UART/UART_UVC/ENV/uvc_pkg.sv'.
Parsing included file '../../../UART/UART_UVC/UART_TX_AGENT/uart_driver.sv'.
Back to file '../../../UART/UART_UVC/ENV/uvc_pkg.sv'.
Parsing included file '../../../UART/UART_UVC/UART_TX_AGENT/uart_tx_agent.sv'.
Back to file '../../../UART/UART_UVC/ENV/uvc_pkg.sv'.
Parsing included file '../../../UART/UART_UVC/UART_RX_AGENT/uart_rx_agent.sv'.
Back to file '../../../UART/UART_UVC/ENV/uvc_pkg.sv'.
Parsing included file '../../../UART/UART_UVC/ENV/uart_uvc_env.sv'.
Back to file '../../../UART/UART_UVC/ENV/uvc_pkg.sv'.
Parsing design file '../../../AHB/tb/ahb_pkg.sv'
Parsing included file '../tb/srams_if.sv'.
Back to file '../../../AHB/tb/ahb_pkg.sv'.
Parsing included file '../../../AHB/includes/ahb_defines.sv'.
Parsing included file '../../../AHB/includes/svt_ahb_user_defines.svi'.
Back to file '../../../AHB/includes/ahb_defines.sv'.
Parsing included file '../../../AHB/includes/ahb_port_defines.sv'.

Warning-[TMR] Text macro redefined
../../../AHB/includes/ahb_port_defines.sv, 14
  Text macro (ADDR_WIDTH) is redefined. The last definition will override 
  previous ones.
  Location of previous definition: ../../../UART/UART_UVC/ENV/apb_defines.sv, 
  99.
  Previous value: 32


Warning-[TMR] Text macro redefined
../../../AHB/includes/ahb_port_defines.sv, 15
  Text macro (DATA_WIDTH) is redefined. The last definition will override 
  previous ones.
  Location of previous definition: ../../../UART/UART_UVC/ENV/apb_defines.sv, 
  100.
  Previous value: 32

Back to file '../../../AHB/includes/ahb_defines.sv'.
Back to file '../../../AHB/tb/ahb_pkg.sv'.
Parsing included file '../../../AHB/tb/ahb_inf.sv'.
Parsing included file '../../../AHB/tb/ahb_assertion.sv'.
Parsing included file '/global/apps/vcs_2020.03/vcs/Q-2020.03/etc/uvm-1.2/uvm_macros.svh'.
Back to file '../../../AHB/tb/ahb_assertion.sv'.
Back to file '../../../AHB/tb/ahb_inf.sv'.
Parsing included file '../../../AHB/tb/ahb_master_inf.sv'.
Parsing included file '../../../AHB/tb/ahb_assertion.sv'.

Note-[SV-LCM-PPWI] Package previously wildcard imported
../../../AHB/tb/ahb_assertion.sv, 14
$unit
  Package 'uvm_pkg' already wildcard imported. 
  Ignoring uvm_pkg::*
  See the SystemVerilog LRM(1800-2005), section 19.2.1.

Parsing included file '/global/apps/vcs_2020.03/vcs/Q-2020.03/etc/uvm-1.2/uvm_macros.svh'.
Back to file '../../../AHB/tb/ahb_assertion.sv'.
Back to file '../../../AHB/tb/ahb_master_inf.sv'.
Back to file '../../../AHB/tb/ahb_inf.sv'.
Parsing included file '../../../AHB/tb/ahb_slave_inf.sv'.
Parsing included file '../../../AHB/tb/ahb_assertion.sv'.

Note-[SV-LCM-PPWI] Package previously wildcard imported
../../../AHB/tb/ahb_assertion.sv, 14
$unit
  Package 'uvm_pkg' already wildcard imported. 
  Ignoring uvm_pkg::*
  See the SystemVerilog LRM(1800-2005), section 19.2.1.

Parsing included file '/global/apps/vcs_2020.03/vcs/Q-2020.03/etc/uvm-1.2/uvm_macros.svh'.
Back to file '../../../AHB/tb/ahb_assertion.sv'.
Back to file '../../../AHB/tb/ahb_slave_inf.sv'.
Back to file '../../../AHB/tb/ahb_inf.sv'.
Back to file '../../../AHB/tb/ahb_pkg.sv'.
Parsing included file '/global/apps/vcs_2020.03/vcs/Q-2020.03/etc/uvm-1.2/uvm_macros.svh'.
Back to file '../../../AHB/tb/ahb_pkg.sv'.
Parsing included file '../tb/sram_transaction.sv'.
Back to file '../../../AHB/tb/ahb_pkg.sv'.
Parsing included file '../tb/srams_mon.sv'.
Back to file '../../../AHB/tb/ahb_pkg.sv'.
Parsing included file '../../../AHB/includes/ahb_common_defines.sv'.
Back to file '../../../AHB/tb/ahb_pkg.sv'.
Parsing included file '../../../AHB/src/ahb_base_transaction.sv'.
Back to file '../../../AHB/tb/ahb_pkg.sv'.
Parsing included file '../../../AHB/mas_agent/ahb_master_pkg.sv'.
Parsing included file '../../../AHB/mas_agent/ahb_master_agent_configuration.sv'.
Back to file '../../../AHB/mas_agent/ahb_master_pkg.sv'.
Parsing included file '../../../AHB/src/ahb_master_transaction.sv'.
Back to file '../../../AHB/mas_agent/ahb_master_pkg.sv'.
Parsing included file '../../../AHB/mas_agent/ahb_master_driver_callback.sv'.
Back to file '../../../AHB/mas_agent/ahb_master_pkg.sv'.
Parsing included file '../../../AHB/mas_agent/ahb_master_driver_user_callback.sv'.
Back to file '../../../AHB/mas_agent/ahb_master_pkg.sv'.
Parsing included file '../../../AHB/mas_agent/ahb_master_sequencer.sv'.
Back to file '../../../AHB/mas_agent/ahb_master_pkg.sv'.
Parsing included file '../../../AHB/mas_agent/ahb_master_driver.sv'.
Back to file '../../../AHB/mas_agent/ahb_master_pkg.sv'.
Parsing included file '../../../AHB/mas_agent/ahb_master_monitor.sv'.
Back to file '../../../AHB/mas_agent/ahb_master_pkg.sv'.
Parsing included file '../../../AHB/mas_agent/ahb_master_checker.sv'.
Back to file '../../../AHB/mas_agent/ahb_master_pkg.sv'.
Parsing included file '../../../AHB/mas_agent/ahb_master_agent.sv'.
Back to file '../../../AHB/mas_agent/ahb_master_pkg.sv'.
Back to file '../../../AHB/tb/ahb_pkg.sv'.
Parsing included file '../../../AHB/slv_agent/ahb_slave_pkg.sv'.
Parsing included file '../../../AHB/slv_agent/ahb_slave_agent_configuration.sv'.
Back to file '../../../AHB/slv_agent/ahb_slave_pkg.sv'.
Parsing included file '../../../AHB/src/ahb_slave_transaction.sv'.
Back to file '../../../AHB/slv_agent/ahb_slave_pkg.sv'.
Parsing included file '../../../AHB/slv_agent/ahb_slave_driver_callback.sv'.
Back to file '../../../AHB/slv_agent/ahb_slave_pkg.sv'.
Parsing included file '../../../AHB/slv_agent/ahb_slave_driver_user_callback.sv'.
Back to file '../../../AHB/slv_agent/ahb_slave_pkg.sv'.
Parsing included file '../../../AHB/slv_agent/ahb_slave_sequencer.sv'.
Back to file '../../../AHB/slv_agent/ahb_slave_pkg.sv'.
Parsing included file '../../../AHB/slv_agent/ahb_slave_driver.sv'.
Back to file '../../../AHB/slv_agent/ahb_slave_pkg.sv'.
Parsing included file '../../../AHB/slv_agent/ahb_slave_monitor.sv'.
Back to file '../../../AHB/slv_agent/ahb_slave_pkg.sv'.
Parsing included file '../../../AHB/slv_agent/ahb_slave_agent.sv'.
Back to file '../../../AHB/slv_agent/ahb_slave_pkg.sv'.
Back to file '../../../AHB/tb/ahb_pkg.sv'.
Parsing included file '../../../AHB/uvc/ahb_uvc_configuration.sv'.
Back to file '../../../AHB/tb/ahb_pkg.sv'.
Parsing included file '../../../AHB/uvc/ahb_uvc.sv'.
Back to file '../../../AHB/tb/ahb_pkg.sv'.
Parsing included file '../../../AHB/seq/ahb_seq_pkg.sv'.
Parsing included file '../../../AHB/seq/ahb_base_master_sequence.sv'.
Back to file '../../../AHB/seq/ahb_seq_pkg.sv'.
Parsing included file '../../../AHB/seq/ahb_base_slave_sequence.sv'.
Back to file '../../../AHB/seq/ahb_seq_pkg.sv'.
Parsing included file '../../../AHB/seq/ahb_master_sanity_sequence.sv'.
Back to file '../../../AHB/seq/ahb_seq_pkg.sv'.
Parsing included file '../../../AHB/seq/ahb_master_rst_sequence.sv'.
Back to file '../../../AHB/seq/ahb_seq_pkg.sv'.
Parsing included file '../../../AHB/seq/ahb_master_b2b_sequence.sv'.
Back to file '../../../AHB/seq/ahb_seq_pkg.sv'.
Parsing included file '../../../AHB/seq/ahb_master_incr_sequence.sv'.
Back to file '../../../AHB/seq/ahb_seq_pkg.sv'.
Parsing included file '../../../AHB/seq/ahb_master_increment_burst_sequence.sv'.
Back to file '../../../AHB/seq/ahb_seq_pkg.sv'.
Parsing included file '../../../AHB/seq/ahb_master_wrap_sequence.sv'.
Back to file '../../../AHB/seq/ahb_seq_pkg.sv'.
Parsing included file '../../../AHB/seq/ahb_master_min_max_addr_data_sequence.sv'.
Back to file '../../../AHB/seq/ahb_seq_pkg.sv'.
Parsing included file '../../../AHB/seq/ahb_master_waited_busy_seq_sequence.sv'.
Back to file '../../../AHB/seq/ahb_seq_pkg.sv'.
Parsing included file '../../../AHB/seq/ahb_master_waited_trans_change_sequence.sv'.
Back to file '../../../AHB/seq/ahb_seq_pkg.sv'.
Parsing included file '../../../AHB/seq/ahb_master_waited_max_busy_sequence.sv'.
Back to file '../../../AHB/seq/ahb_seq_pkg.sv'.
Parsing included file '../../../AHB/seq/ahb_master_random_sequence.sv'.
Back to file '../../../AHB/seq/ahb_seq_pkg.sv'.
Parsing included file '../../../AHB/seq/ahb_master_error_sequence.sv'.
Back to file '../../../AHB/seq/ahb_seq_pkg.sv'.
Parsing included file '../../../AHB/seq/ahb_slave_okay_response_sequence.sv'.
Back to file '../../../AHB/seq/ahb_seq_pkg.sv'.
Parsing included file '../../../AHB/seq/ahb_slave_mem_response_sequence.sv'.
Back to file '../../../AHB/seq/ahb_seq_pkg.sv'.
Parsing included file '../../../AHB/seq/ahb_slave_mem_response_max_wait_sequence.sv'.
Back to file '../../../AHB/seq/ahb_seq_pkg.sv'.
Parsing included file '../../../AHB/seq/ahb_slave_mem_response_min_wait_sequence.sv'.
Back to file '../../../AHB/seq/ahb_seq_pkg.sv'.
Parsing included file '../../../AHB/seq/ahb_slave_random_response_sequence.sv'.
Back to file '../../../AHB/seq/ahb_seq_pkg.sv'.
Back to file '../../../AHB/tb/ahb_pkg.sv'.
Parsing included file '../../../AHB/env/ahb_coverage_collector.sv'.
Back to file '../../../AHB/tb/ahb_pkg.sv'.
Parsing included file '../../../AHB/env/ahb_scoreboard.sv'.
Back to file '../../../AHB/tb/ahb_pkg.sv'.
Parsing included file '../../../AHB/env/ahb_sram_sb.sv'.
Back to file '../../../AHB/tb/ahb_pkg.sv'.
Parsing included file '../../../AHB/env/ahb_environment_configuration.sv'.
Back to file '../../../AHB/tb/ahb_pkg.sv'.
Parsing included file '../tb/ahb_environment.sv'.
Back to file '../../../AHB/tb/ahb_pkg.sv'.
Parsing included file '../tb/ahb_system_config.sv'.
Back to file '../../../AHB/tb/ahb_pkg.sv'.
Parsing design file '../tb/cortexm3_soc_tb.sv'

Note-[SV-LCM-PPWI] Package previously wildcard imported
../tb/cortexm3_soc_tb.sv, 1
$unit
  Package 'uvm_pkg' already wildcard imported. 
  Ignoring uvm_pkg::*
  See the SystemVerilog LRM(1800-2005), section 19.2.1.

Parsing included file '/global/apps/vcs_2020.03/vcs/Q-2020.03/etc/uvm-1.2/uvm_macros.svh'.
Back to file '../tb/cortexm3_soc_tb.sv'.
Parsing included file '../../cm3_matrix/rtl/cm3_outM0.v'.
Back to file '../tb/cortexm3_soc_tb.sv'.
Parsing included file '../../cm3_matrix/rtl/cm3_outM1.v'.
Back to file '../tb/cortexm3_soc_tb.sv'.
Parsing included file '../../cm3_matrix/rtl/cm3_outM2.v'.
Back to file '../tb/cortexm3_soc_tb.sv'.
Parsing included file '../../cm3_matrix/rtl/cm3_outM3.v'.
Back to file '../tb/cortexm3_soc_tb.sv'.
Parsing included file '../../cm3_matrix/rtl/cm3_matrix_default_slave.v'.
Back to file '../tb/cortexm3_soc_tb.sv'.
Parsing included file '../../cm3_matrix/rtl/cmsdk_MyArbiterNameM0.v'.
Back to file '../tb/cortexm3_soc_tb.sv'.
Parsing included file '../../cm3_matrix/rtl/cmsdk_MyArbiterNameM1.v'.
Back to file '../tb/cortexm3_soc_tb.sv'.
Parsing included file '../../cm3_matrix/rtl/cmsdk_MyArbiterNameM2.v'.
Back to file '../tb/cortexm3_soc_tb.sv'.
Parsing included file '../../cm3_matrix/rtl/cmsdk_MyArbiterNameM3.v'.
Back to file '../tb/cortexm3_soc_tb.sv'.
Parsing included file '../../cm3_matrix/rtl/cmsdk_MyDecoderNameS0.v'.
Back to file '../tb/cortexm3_soc_tb.sv'.
Parsing included file '../../cm3_matrix/rtl/cmsdk_MyDecoderNameS1.v'.
Back to file '../tb/cortexm3_soc_tb.sv'.
Parsing included file '../../cm3_matrix/rtl/cmsdk_MyDecoderNameS3.v'.
Back to file '../tb/cortexm3_soc_tb.sv'.
Parsing included file '../../cm3_matrix/rtl/cmsdk_MyDecoderNameS4.v'.
Back to file '../tb/cortexm3_soc_tb.sv'.
Parsing included file '../../cm3_matrix/rtl/cmsdk_MyDecoderNameS5.v'.
Back to file '../tb/cortexm3_soc_tb.sv'.
Parsing included file '../../cm3_matrix/rtl/cm3_matrix.v'.
Back to file '../tb/cortexm3_soc_tb.sv'.
Parsing included file '../../cm3_matrix/rtl/cm3_matrix_lite.v'.
Back to file '../tb/cortexm3_soc_tb.sv'.
Parsing included file '../../cm3_matrix/rtl/cm3_in.v'.
Back to file '../tb/cortexm3_soc_tb.sv'.
Parsing included file '../../cmsdk_ahb_to_sram/rtl/cmsdk_ahb_to_sram.v'.
Back to file '../tb/cortexm3_soc_tb.sv'.
Parsing included file '../../cmsdk_fpga_sram/verilog/cmsdk_fpga_sram.v'.
Parsing included file '../../cmsdk_fpga_sram/verilog/fpga_options_defs.v'.
Back to file '../../cmsdk_fpga_sram/verilog/cmsdk_fpga_sram.v'.
Back to file '../tb/cortexm3_soc_tb.sv'.
Parsing included file '../../CORTEXM3INTEGRATION/rtl/cortexm3ds_logic.v'.
Back to file '../tb/cortexm3_soc_tb.sv'.
Parsing included file '../../CORTEXM3INTEGRATION/rtl/CORTEXM3INTEGRATIONDS.v'.
Back to file '../tb/cortexm3_soc_tb.sv'.
Parsing included file '../rtl/cortexm3_soc.v'.
Back to file '../tb/cortexm3_soc_tb.sv'.
Parsing included file '../../../AHB/includes/ahb_defines.sv'.
Parsing included file '../../../AHB/includes/svt_ahb_user_defines.svi'.
Back to file '../../../AHB/includes/ahb_defines.sv'.
Parsing included file '../../../AHB/includes/ahb_port_defines.sv'.
Back to file '../../../AHB/includes/ahb_defines.sv'.
Back to file '../tb/cortexm3_soc_tb.sv'.
Parsing included file '../../../AHB/HDL_interconnect/ahb_dut.v'.
Back to file '../tb/cortexm3_soc_tb.sv'.
Parsing included file '../../AHB_APB-RTL/top_rtl.v'.
Parsing included file '../../AHB_APB-RTL/ahb_slave.v'.
Back to file '../../AHB_APB-RTL/top_rtl.v'.
Parsing included file '../../AHB_APB-RTL/fsm.v'.
Back to file '../../AHB_APB-RTL/top_rtl.v'.
Back to file '../tb/cortexm3_soc_tb.sv'.
Parsing included file '../../MEMORY/apb_memory.v'.
Back to file '../tb/cortexm3_soc_tb.sv'.
Parsing included file '../../I2C/i2c.v'.
Parsing included file '../../I2C/fifo.v'.
Back to file '../../I2C/i2c.v'.
Parsing included file '../../I2C/module_i2c.v'.
Back to file '../../I2C/i2c.v'.
Parsing included file '../../I2C/apb.v'.
Back to file '../../I2C/i2c.v'.
Back to file '../tb/cortexm3_soc_tb.sv'.
Parsing included file '../../UART/apb_uart.sv'.
Parsing included file '../../UART/io_generic_fifo.sv'.
Back to file '../../UART/apb_uart.sv'.
Parsing included file '../../UART/uart_interrupt.sv'.
Back to file '../../UART/apb_uart.sv'.
Parsing included file '../../UART/uart_rx.sv'.
Back to file '../../UART/apb_uart.sv'.
Parsing included file '../../UART/uart_tx.sv'.
Back to file '../../UART/apb_uart.sv'.
Back to file '../tb/cortexm3_soc_tb.sv'.
Parsing included file '../../../UART/UART_UVC/TB/uart_interface.sv'.
Back to file '../tb/cortexm3_soc_tb.sv'.

Error-[SFCOR] Source file cannot be opened
  Source file "./apb_memory_components/apb_transaction.sv" cannot be opened 
  for reading due to 'No such file or directory'.
  Please fix above issue and compile again.
  "../tb/cortexm3_soc_tb.sv", 44
  Source info: `include "./apb_memory_components/apb_transaction.sv"

3 warnings
1 error
CPU time: 2.142 seconds to compile
